Build started 2016-12-03 오후 9:46:15.
     1>Project "C:\Users\jkkang\Documents\Visual Studio 2013\Projects\DIP_teamproject\DIP_teamproject\DIP_teamproject.vcxproj" on node 2 (Build target(s)).
     1>ClCompile:
         C:\Program Files (x86)\Microsoft Visual Studio 12.0\VC\bin\CL.exe /c /I"C:\Users\jkkang\Documents\Visual Studio 2013\Projects\DIP_teamproject\opencv\build\include" /I"C:\Users\jkkang\Documents\Visual Studio 2013\Projects\DIP_teamproject\SFML-2.4.1\include" /ZI /nologo /W3 /WX- /sdl /Od /Oy- /D WIN32 /D _DEBUG /D _CONSOLE /D _LIB /D _UNICODE /D UNICODE /Gm /EHsc /RTC1 /MTd /GS /fp:precise /Zc:wchar_t /Zc:forScope /Fo"Debug\\" /Fd"Debug\vc120.pdb" /Gd /TP /analyze- /errorReport:prompt Input.cpp
         Input.cpp
     1>c:\users\jkkang\documents\visual studio 2013\projects\dip_teamproject\opencv\build\include\opencv2\core\mat.hpp(1965): warning C4819: The file contains a character that cannot be represented in the current code page (949). Save the file in Unicode format to prevent data loss
     1>c:\users\jkkang\documents\visual studio 2013\projects\dip_teamproject\opencv\build\include\opencv2\core\persistence.hpp : warning C4819: The file contains a character that cannot be represented in the current code page (949). Save the file in Unicode format to prevent data loss
     1>c:\users\jkkang\documents\visual studio 2013\projects\dip_teamproject\opencv\build\include\opencv2\core\utility.hpp : warning C4819: The file contains a character that cannot be represented in the current code page (949). Save the file in Unicode format to prevent data loss
     1>c:\users\jkkang\documents\visual studio 2013\projects\dip_teamproject\dip_teamproject\input.cpp(12): warning C4305: 'initializing' : truncation from 'double' to 'float'
     1>c:\users\jkkang\documents\visual studio 2013\projects\dip_teamproject\dip_teamproject\input.cpp(38): warning C4244: '=' : conversion from 'double' to 'int', possible loss of data
     1>c:\users\jkkang\documents\visual studio 2013\projects\dip_teamproject\dip_teamproject\input.cpp(39): warning C4244: '=' : conversion from 'double' to 'int', possible loss of data
     1>c:\users\jkkang\documents\visual studio 2013\projects\dip_teamproject\dip_teamproject\input.cpp(179): warning C4715: 'input::isActive' : not all control paths return a value
       Link:
         C:\Program Files (x86)\Microsoft Visual Studio 12.0\VC\bin\link.exe /ERRORREPORT:PROMPT /OUT:"C:\Users\jkkang\Documents\Visual Studio 2013\Projects\DIP_teamproject\Debug\DIP_teamproject.exe" /INCREMENTAL /NOLOGO /LIBPATH:"C:\Users\jkkang\Documents\Visual Studio 2013\Projects\DIP_teamproject\opencv\build\x86\vc12\lib" /LIBPATH:"C:\Users\jkkang\Documents\Visual Studio 2013\Projects\DIP_teamproject\SFML-2.4.1\lib" "sfml-audio-d.lib" "sfml-graphics-d.lib" "sfml-main-d.lib" "sfml-system-d.lib" "sfml-window-d.lib" opencv_ts300.lib opencv_world300.lib kernel32.lib user32.lib gdi32.lib winspool.lib comdlg32.lib advapi32.lib shell32.lib ole32.lib oleaut32.lib uuid.lib odbc32.lib odbccp32.lib /MANIFEST /MANIFESTUAC:"level='asInvoker' uiAccess='false'" /manifest:embed /DEBUG /PDB:"C:\Users\jkkang\Documents\Visual Studio 2013\Projects\DIP_teamproject\Debug\DIP_teamproject.pdb" /SUBSYSTEM:CONSOLE /TLBID:1 /DYNAMICBASE /NXCOMPAT /IMPLIB:"C:\Users\jkkang\Documents\Visual Studio 2013\Projects\DIP_teamproject\Debug\DIP_teamproject.lib" /MACHINE:X86 /FORCE:multiple Debug\Audio.obj
         Debug\Input.obj
         Debug\MidiParserIP.obj
         Debug\Resource.obj
         Debug\Scene.obj
         Debug\Source.obj
     1>LINK : warning LNK4075: ignoring '/INCREMENTAL' due to '/FORCE' specification
     1>Audio.obj : warning LNK4075: ignoring '/EDITANDCONTINUE' due to '/OPT:LBR' specification
         DIP_teamproject.vcxproj -> C:\Users\jkkang\Documents\Visual Studio 2013\Projects\DIP_teamproject\Debug\DIP_teamproject.exe
     1>Done Building Project "C:\Users\jkkang\Documents\Visual Studio 2013\Projects\DIP_teamproject\DIP_teamproject\DIP_teamproject.vcxproj" (Build target(s)).

Build succeeded.

Time Elapsed 00:00:02.07
